mktextfm SimSun/OT
mktextfm SimSun/OT
mktextfm KaiTi/OT
mktextfm KaiTi/B/OT
mktextfm SimHei/OT
mktextfm SimHei/I/OT
mktextfm SimSun/OT
mktextfm SimSun/BI/OT
mktextfm SimSun/OT
mktextfm SimSun/OT
mktextfm SimHei/OT
mktextfm SimHei/OT
mktextfm KaiTi/OT
mktextfm KaiTi/OT
mktextfm SimHei/OT
mktextfm SimSun/OT
mktextfm SimHei/OT
mktextfm SimSun/OT
mktextfm KaiTi/OT
mktextfm nullfont
mktextfm SimSun/OT
mktextfm SimSun/OT
mktextfm KaiTi/OT
mktextfm KaiTi/B/OT
mktextfm SimHei/OT
mktextfm SimHei/I/OT
mktextfm SimSun/OT
mktextfm SimSun/BI/OT
mktextfm SimSun/OT
mktextfm SimSun/OT
mktextfm SimHei/OT
mktextfm SimHei/OT
mktextfm KaiTi/OT
mktextfm KaiTi/OT
mktextfm SimHei/OT
mktextfm SimSun/OT
mktextfm SimHei/OT
mktextfm SimSun/OT
mktextfm KaiTi/OT
mktextfm nullfont
mktextfm P
mktextfm P
mktextfm P
mktextfm P/BI
mktextfm P
mktextfm P/B
mktextfm P
mktextfm P/I
mktextfm P
mktextfm P
